  FlightShootingGame.c
D:\Jun\Inha\Weekday\VisualStudio\C\FlightShootingGame\FlightShootingGame\Data.h(33,2): warning C4091: 'typedef ': 변수를 선언하지 않으면 'EWindowType' 왼쪽은 무시됩니다.
D:\Jun\Inha\Weekday\VisualStudio\C\FlightShootingGame\FlightShootingGame\Data.h(96,2): warning C4091: 'typedef ': 변수를 선언하지 않으면 'EEnemyType' 왼쪽은 무시됩니다.
D:\Jun\Inha\Weekday\VisualStudio\C\FlightShootingGame\FlightShootingGame\Data.h(164,2): warning C4091: 'typedef ': 변수를 선언하지 않으면 'EObjectType' 왼쪽은 무시됩니다.
D:\Jun\Inha\Weekday\VisualStudio\C\FlightShootingGame\FlightShootingGame\FlightShootingGame.c(24,8): warning C4244: '함수': 'time_t'에서 'unsigned int'(으)로 변환하면서 데이터가 손실될 수 있습니다.
D:\Jun\Inha\Weekday\VisualStudio\C\FlightShootingGame\FlightShootingGame\FlightShootingGame.c(44,20): warning C4047: '=': 'DWORD'의 간접 참조 수준이 'void *'과(와) 다릅니다.
D:\Jun\Inha\Weekday\VisualStudio\C\FlightShootingGame\FlightShootingGame\FlightShootingGame.c(45,24): warning C4047: '=': 'DWORD'의 간접 참조 수준이 'void *'과(와) 다릅니다.
D:\Jun\Inha\Weekday\VisualStudio\C\FlightShootingGame\FlightShootingGame\FlightShootingGame.c(89,33): warning C4018: '>': signed 또는 unsigned가 일치하지 않습니다.
D:\Jun\Inha\Weekday\VisualStudio\C\FlightShootingGame\FlightShootingGame\FlightShootingGame.c(91,50): warning C4244: '=': 'ULONGLONG'에서 'DWORD'(으)로 변환하면서 데이터가 손실될 수 있습니다.
D:\Jun\Inha\Weekday\VisualStudio\C\FlightShootingGame\FlightShootingGame\FlightShootingGame.c(102,29): warning C4018: '>': signed 또는 unsigned가 일치하지 않습니다.
D:\Jun\Inha\Weekday\VisualStudio\C\FlightShootingGame\FlightShootingGame\FlightShootingGame.c(104,46): warning C4244: '=': 'ULONGLONG'에서 'DWORD'(으)로 변환하면서 데이터가 손실될 수 있습니다.
D:\Jun\Inha\Weekday\VisualStudio\C\FlightShootingGame\FlightShootingGame\FlightShootingGame.c(83,37): warning C4244: '초기화 중': 'ULONGLONG'에서 'DWORD'(으)로 변환하면서 데이터가 손실될 수 있습니다.
D:\Jun\Inha\Weekday\VisualStudio\C\FlightShootingGame\FlightShootingGame\FlightShootingGame.c(84,33): warning C4244: '초기화 중': 'ULONGLONG'에서 'DWORD'(으)로 변환하면서 데이터가 손실될 수 있습니다.
D:\Jun\Inha\Weekday\VisualStudio\C\FlightShootingGame\FlightShootingGame\FlightShootingGame.c(88,54): warning C4244: '초기화 중': 'ULONGLONG'에서 'DWORD'(으)로 변환하면서 데이터가 손실될 수 있습니다.
D:\Jun\Inha\Weekday\VisualStudio\C\FlightShootingGame\FlightShootingGame\FlightShootingGame.c(101,50): warning C4244: '초기화 중': 'ULONGLONG'에서 'DWORD'(으)로 변환하면서 데이터가 손실될 수 있습니다.
D:\Jun\Inha\Weekday\VisualStudio\C\FlightShootingGame\FlightShootingGame\FlightShootingGame.c(131,21): warning C4020: 'PlayBgmSound': 실제 매개 변수가 너무 많습니다.
D:\Jun\Inha\Weekday\VisualStudio\C\FlightShootingGame\FlightShootingGame\FlightShootingGame.c(241,45): warning C4244: '함수': 'int'에서 'float'(으)로 변환하면서 데이터가 손실될 수 있습니다.
D:\Jun\Inha\Weekday\VisualStudio\C\FlightShootingGame\FlightShootingGame\FlightShootingGame.c(251,75): warning C4244: '함수': 'int'에서 'float'(으)로 변환하면서 데이터가 손실될 수 있습니다.
D:\Jun\Inha\Weekday\VisualStudio\C\FlightShootingGame\FlightShootingGame\FlightShootingGame.c(300,24): warning C4047: '==': 'DWORD'의 간접 참조 수준이 'void *'과(와) 다릅니다.
D:\Jun\Inha\Weekday\VisualStudio\C\FlightShootingGame\FlightShootingGame\FlightShootingGame.c(301,24): warning C4244: '=': 'ULONGLONG'에서 'DWORD'(으)로 변환하면서 데이터가 손실될 수 있습니다.
D:\Jun\Inha\Weekday\VisualStudio\C\FlightShootingGame\FlightShootingGame\FlightShootingGame.c(306,22): warning C4047: '=': 'DWORD'의 간접 참조 수준이 'void *'과(와) 다릅니다.
D:\Jun\Inha\Weekday\VisualStudio\C\FlightShootingGame\FlightShootingGame\FlightShootingGame.c(315,56): warning C4244: '함수': 'int'에서 'float'(으)로 변환하면서 데이터가 손실될 수 있습니다.
D:\Jun\Inha\Weekday\VisualStudio\C\FlightShootingGame\FlightShootingGame\FlightShootingGame.c(318,57): warning C4244: '함수': 'int'에서 'float'(으)로 변환하면서 데이터가 손실될 수 있습니다.
D:\Jun\Inha\Weekday\VisualStudio\C\FlightShootingGame\FlightShootingGame\FlightShootingGame.c(321,61): warning C4244: '함수': 'int'에서 'float'(으)로 변환하면서 데이터가 손실될 수 있습니다.
D:\Jun\Inha\Weekday\VisualStudio\C\FlightShootingGame\FlightShootingGame\FlightShootingGame.c(324,63): warning C4244: '함수': 'int'에서 'float'(으)로 변환하면서 데이터가 손실될 수 있습니다.
D:\Jun\Inha\Weekday\VisualStudio\C\FlightShootingGame\FlightShootingGame\FlightShootingGame.c(327,52): warning C4244: '함수': 'int'에서 'float'(으)로 변환하면서 데이터가 손실될 수 있습니다.
D:\Jun\Inha\Weekday\VisualStudio\C\FlightShootingGame\FlightShootingGame\FlightShootingGame.c(437,28): warning C4047: '==': 'DWORD'의 간접 참조 수준이 'void *'과(와) 다릅니다.
D:\Jun\Inha\Weekday\VisualStudio\C\FlightShootingGame\FlightShootingGame\FlightShootingGame.c(438,27): warning C4244: '=': 'ULONGLONG'에서 'DWORD'(으)로 변환하면서 데이터가 손실될 수 있습니다.
D:\Jun\Inha\Weekday\VisualStudio\C\FlightShootingGame\FlightShootingGame\FlightShootingGame.c(452,25): warning C4047: '=': 'DWORD'의 간접 참조 수준이 'void *'과(와) 다릅니다.
D:\Jun\Inha\Weekday\VisualStudio\C\FlightShootingGame\FlightShootingGame\FlightShootingGame.c(541,60): warning C4244: '함수': 'int'에서 'float'(으)로 변환하면서 데이터가 손실될 수 있습니다.
D:\Jun\Inha\Weekday\VisualStudio\C\FlightShootingGame\FlightShootingGame\FlightShootingGame.c(612,62): warning C4244: '함수': 'int'에서 'float'(으)로 변환하면서 데이터가 손실될 수 있습니다.
D:\Jun\Inha\Weekday\VisualStudio\C\FlightShootingGame\FlightShootingGame\FlightShootingGame.c(619,64): warning C4244: '함수': 'int'에서 'float'(으)로 변환하면서 데이터가 손실될 수 있습니다.
D:\Jun\Inha\Weekday\VisualStudio\C\FlightShootingGame\FlightShootingGame\FlightShootingGame.c(822,76): warning C4244: '함수': 'int'에서 'float'(으)로 변환하면서 데이터가 손실될 수 있습니다.
D:\Jun\Inha\Weekday\VisualStudio\C\FlightShootingGame\FlightShootingGame\FlightShootingGame.c(836,74): warning C4244: '함수': 'int'에서 'float'(으)로 변환하면서 데이터가 손실될 수 있습니다.
D:\Jun\Inha\Weekday\VisualStudio\C\FlightShootingGame\FlightShootingGame\FlightShootingGame.c(850,82): warning C4244: '함수': 'int'에서 'float'(으)로 변환하면서 데이터가 손실될 수 있습니다.
D:\Jun\Inha\Weekday\VisualStudio\C\FlightShootingGame\FlightShootingGame\FlightShootingGame.c(1310,22): warning C4244: '초기화 중': 'float'에서 'int'(으)로 변환하면서 데이터가 손실될 수 있습니다.
D:\Jun\Inha\Weekday\VisualStudio\C\FlightShootingGame\FlightShootingGame\FlightShootingGame.c(1335,20): warning C4018: '<': signed 또는 unsigned가 일치하지 않습니다.
D:\Jun\Inha\Weekday\VisualStudio\C\FlightShootingGame\FlightShootingGame\FlightShootingGame.c(1339,20): warning C4018: '<': signed 또는 unsigned가 일치하지 않습니다.
D:\Jun\Inha\Weekday\VisualStudio\C\FlightShootingGame\FlightShootingGame\FlightShootingGame.c(1343,20): warning C4018: '<': signed 또는 unsigned가 일치하지 않습니다.
D:\Jun\Inha\Weekday\VisualStudio\C\FlightShootingGame\FlightShootingGame\FlightShootingGame.c(1347,20): warning C4018: '<': signed 또는 unsigned가 일치하지 않습니다.
  FlightShootingGame.vcxproj -> D:\Jun\Inha\Weekday\VisualStudio\C\FlightShootingGame\Debug\FlightShootingGame.exe
