  FlightShootingGame.c
D:\Jun\Inha\VisualStudio\C\C_FlightShootingGame\FlightShootingGame\Data.h(33,2): warning C4091: 'typedef ': 변수를 선언하지 않으면 'EWindowType' 왼쪽은 무시됩니다.
D:\Jun\Inha\VisualStudio\C\C_FlightShootingGame\FlightShootingGame\Data.h(96,2): warning C4091: 'typedef ': 변수를 선언하지 않으면 'EEnemyType' 왼쪽은 무시됩니다.
D:\Jun\Inha\VisualStudio\C\C_FlightShootingGame\FlightShootingGame\Data.h(164,2): warning C4091: 'typedef ': 변수를 선언하지 않으면 'EObjectType' 왼쪽은 무시됩니다.
D:\Jun\Inha\VisualStudio\C\C_FlightShootingGame\FlightShootingGame\FlightShootingGame.c(24,8): warning C4244: '함수': 'time_t'에서 'unsigned int'(으)로 변환하면서 데이터가 손실될 수 있습니다.
D:\Jun\Inha\VisualStudio\C\C_FlightShootingGame\FlightShootingGame\FlightShootingGame.c(44,20): warning C4047: '=': 'DWORD'의 간접 참조 수준이 'void *'과(와) 다릅니다.
D:\Jun\Inha\VisualStudio\C\C_FlightShootingGame\FlightShootingGame\FlightShootingGame.c(45,24): warning C4047: '=': 'DWORD'의 간접 참조 수준이 'void *'과(와) 다릅니다.
D:\Jun\Inha\VisualStudio\C\C_FlightShootingGame\FlightShootingGame\FlightShootingGame.c(89,33): warning C4018: '>': signed 또는 unsigned가 일치하지 않습니다.
D:\Jun\Inha\VisualStudio\C\C_FlightShootingGame\FlightShootingGame\FlightShootingGame.c(91,50): warning C4244: '=': 'ULONGLONG'에서 'DWORD'(으)로 변환하면서 데이터가 손실될 수 있습니다.
D:\Jun\Inha\VisualStudio\C\C_FlightShootingGame\FlightShootingGame\FlightShootingGame.c(104,29): warning C4018: '>': signed 또는 unsigned가 일치하지 않습니다.
D:\Jun\Inha\VisualStudio\C\C_FlightShootingGame\FlightShootingGame\FlightShootingGame.c(106,46): warning C4244: '=': 'ULONGLONG'에서 'DWORD'(으)로 변환하면서 데이터가 손실될 수 있습니다.
D:\Jun\Inha\VisualStudio\C\C_FlightShootingGame\FlightShootingGame\FlightShootingGame.c(83,37): warning C4244: '초기화 중': 'ULONGLONG'에서 'DWORD'(으)로 변환하면서 데이터가 손실될 수 있습니다.
D:\Jun\Inha\VisualStudio\C\C_FlightShootingGame\FlightShootingGame\FlightShootingGame.c(84,33): warning C4244: '초기화 중': 'ULONGLONG'에서 'DWORD'(으)로 변환하면서 데이터가 손실될 수 있습니다.
D:\Jun\Inha\VisualStudio\C\C_FlightShootingGame\FlightShootingGame\FlightShootingGame.c(88,54): warning C4244: '초기화 중': 'ULONGLONG'에서 'DWORD'(으)로 변환하면서 데이터가 손실될 수 있습니다.
D:\Jun\Inha\VisualStudio\C\C_FlightShootingGame\FlightShootingGame\FlightShootingGame.c(103,50): warning C4244: '초기화 중': 'ULONGLONG'에서 'DWORD'(으)로 변환하면서 데이터가 손실될 수 있습니다.
D:\Jun\Inha\VisualStudio\C\C_FlightShootingGame\FlightShootingGame\FlightShootingGame.c(132,21): warning C4020: 'PlayBgmSound': 실제 매개 변수가 너무 많습니다.
D:\Jun\Inha\VisualStudio\C\C_FlightShootingGame\FlightShootingGame\FlightShootingGame.c(242,45): warning C4244: '함수': 'int'에서 'float'(으)로 변환하면서 데이터가 손실될 수 있습니다.
D:\Jun\Inha\VisualStudio\C\C_FlightShootingGame\FlightShootingGame\FlightShootingGame.c(252,75): warning C4244: '함수': 'int'에서 'float'(으)로 변환하면서 데이터가 손실될 수 있습니다.
D:\Jun\Inha\VisualStudio\C\C_FlightShootingGame\FlightShootingGame\FlightShootingGame.c(301,24): warning C4047: '==': 'DWORD'의 간접 참조 수준이 'void *'과(와) 다릅니다.
D:\Jun\Inha\VisualStudio\C\C_FlightShootingGame\FlightShootingGame\FlightShootingGame.c(302,24): warning C4244: '=': 'ULONGLONG'에서 'DWORD'(으)로 변환하면서 데이터가 손실될 수 있습니다.
D:\Jun\Inha\VisualStudio\C\C_FlightShootingGame\FlightShootingGame\FlightShootingGame.c(307,22): warning C4047: '=': 'DWORD'의 간접 참조 수준이 'void *'과(와) 다릅니다.
D:\Jun\Inha\VisualStudio\C\C_FlightShootingGame\FlightShootingGame\FlightShootingGame.c(316,56): warning C4244: '함수': 'int'에서 'float'(으)로 변환하면서 데이터가 손실될 수 있습니다.
D:\Jun\Inha\VisualStudio\C\C_FlightShootingGame\FlightShootingGame\FlightShootingGame.c(319,57): warning C4244: '함수': 'int'에서 'float'(으)로 변환하면서 데이터가 손실될 수 있습니다.
D:\Jun\Inha\VisualStudio\C\C_FlightShootingGame\FlightShootingGame\FlightShootingGame.c(322,61): warning C4244: '함수': 'int'에서 'float'(으)로 변환하면서 데이터가 손실될 수 있습니다.
D:\Jun\Inha\VisualStudio\C\C_FlightShootingGame\FlightShootingGame\FlightShootingGame.c(325,63): warning C4244: '함수': 'int'에서 'float'(으)로 변환하면서 데이터가 손실될 수 있습니다.
D:\Jun\Inha\VisualStudio\C\C_FlightShootingGame\FlightShootingGame\FlightShootingGame.c(328,52): warning C4244: '함수': 'int'에서 'float'(으)로 변환하면서 데이터가 손실될 수 있습니다.
D:\Jun\Inha\VisualStudio\C\C_FlightShootingGame\FlightShootingGame\FlightShootingGame.c(439,28): warning C4047: '==': 'DWORD'의 간접 참조 수준이 'void *'과(와) 다릅니다.
D:\Jun\Inha\VisualStudio\C\C_FlightShootingGame\FlightShootingGame\FlightShootingGame.c(440,27): warning C4244: '=': 'ULONGLONG'에서 'DWORD'(으)로 변환하면서 데이터가 손실될 수 있습니다.
D:\Jun\Inha\VisualStudio\C\C_FlightShootingGame\FlightShootingGame\FlightShootingGame.c(454,25): warning C4047: '=': 'DWORD'의 간접 참조 수준이 'void *'과(와) 다릅니다.
D:\Jun\Inha\VisualStudio\C\C_FlightShootingGame\FlightShootingGame\FlightShootingGame.c(543,60): warning C4244: '함수': 'int'에서 'float'(으)로 변환하면서 데이터가 손실될 수 있습니다.
D:\Jun\Inha\VisualStudio\C\C_FlightShootingGame\FlightShootingGame\FlightShootingGame.c(614,62): warning C4244: '함수': 'int'에서 'float'(으)로 변환하면서 데이터가 손실될 수 있습니다.
D:\Jun\Inha\VisualStudio\C\C_FlightShootingGame\FlightShootingGame\FlightShootingGame.c(621,64): warning C4244: '함수': 'int'에서 'float'(으)로 변환하면서 데이터가 손실될 수 있습니다.
D:\Jun\Inha\VisualStudio\C\C_FlightShootingGame\FlightShootingGame\FlightShootingGame.c(824,76): warning C4244: '함수': 'int'에서 'float'(으)로 변환하면서 데이터가 손실될 수 있습니다.
D:\Jun\Inha\VisualStudio\C\C_FlightShootingGame\FlightShootingGame\FlightShootingGame.c(838,74): warning C4244: '함수': 'int'에서 'float'(으)로 변환하면서 데이터가 손실될 수 있습니다.
D:\Jun\Inha\VisualStudio\C\C_FlightShootingGame\FlightShootingGame\FlightShootingGame.c(852,82): warning C4244: '함수': 'int'에서 'float'(으)로 변환하면서 데이터가 손실될 수 있습니다.
D:\Jun\Inha\VisualStudio\C\C_FlightShootingGame\FlightShootingGame\FlightShootingGame.c(1312,22): warning C4244: '초기화 중': 'float'에서 'int'(으)로 변환하면서 데이터가 손실될 수 있습니다.
D:\Jun\Inha\VisualStudio\C\C_FlightShootingGame\FlightShootingGame\FlightShootingGame.c(1337,20): warning C4018: '<': signed 또는 unsigned가 일치하지 않습니다.
D:\Jun\Inha\VisualStudio\C\C_FlightShootingGame\FlightShootingGame\FlightShootingGame.c(1341,20): warning C4018: '<': signed 또는 unsigned가 일치하지 않습니다.
D:\Jun\Inha\VisualStudio\C\C_FlightShootingGame\FlightShootingGame\FlightShootingGame.c(1345,20): warning C4018: '<': signed 또는 unsigned가 일치하지 않습니다.
D:\Jun\Inha\VisualStudio\C\C_FlightShootingGame\FlightShootingGame\FlightShootingGame.c(1349,20): warning C4018: '<': signed 또는 unsigned가 일치하지 않습니다.
  코드를 생성하고 있습니다.
  Previous IPDB and IOBJ mismatch, fall back to full compilation.
  All 80 functions were compiled because no usable IPDB/IOBJ from previous compilation was found.
  코드를 생성했습니다.
  FlightShootingGame.vcxproj -> D:\Jun\Inha\VisualStudio\C\C_FlightShootingGame\Release\FlightShootingGame.exe
