  FlightShootingGame.c
D:\Jun\Inha\Weekday\VisualStudio\C\FlightShootingGame\FlightShootingGame\Define.h(122,18): warning C4028: 정식 매개 변수 1이(가) 선언과 다릅니다.
D:\Jun\Inha\Weekday\VisualStudio\C\FlightShootingGame\FlightShootingGame\Define.h(122,18): warning C4273: 'GetObjectType': dll 연결이 일치하지 않습니다.
D:\Jun\Inha\Weekday\VisualStudio\C\FlightShootingGame\FlightShootingGame\Data.h(33,2): warning C4091: 'typedef ': 변수를 선언하지 않으면 'EWindowType' 왼쪽은 무시됩니다.
D:\Jun\Inha\Weekday\VisualStudio\C\FlightShootingGame\FlightShootingGame\Data.h(96,2): warning C4091: 'typedef ': 변수를 선언하지 않으면 'EEnemyType' 왼쪽은 무시됩니다.
D:\Jun\Inha\Weekday\VisualStudio\C\FlightShootingGame\FlightShootingGame\Data.h(164,2): warning C4091: 'typedef ': 변수를 선언하지 않으면 'EObjectType' 왼쪽은 무시됩니다.
D:\Jun\Inha\Weekday\VisualStudio\C\FlightShootingGame\FlightShootingGame\FlightShootingGame.c(24,8): warning C4244: '함수': 'time_t'에서 'unsigned int'(으)로 변환하면서 데이터가 손실될 수 있습니다.
D:\Jun\Inha\Weekday\VisualStudio\C\FlightShootingGame\FlightShootingGame\FlightShootingGame.c(44,20): warning C4047: '=': 'DWORD'의 간접 참조 수준이 'void *'과(와) 다릅니다.
D:\Jun\Inha\Weekday\VisualStudio\C\FlightShootingGame\FlightShootingGame\FlightShootingGame.c(45,24): warning C4047: '=': 'DWORD'의 간접 참조 수준이 'void *'과(와) 다릅니다.
D:\Jun\Inha\Weekday\VisualStudio\C\FlightShootingGame\FlightShootingGame\FlightShootingGame.c(89,33): warning C4018: '>': signed 또는 unsigned가 일치하지 않습니다.
D:\Jun\Inha\Weekday\VisualStudio\C\FlightShootingGame\FlightShootingGame\FlightShootingGame.c(91,50): warning C4244: '=': 'ULONGLONG'에서 'DWORD'(으)로 변환하면서 데이터가 손실될 수 있습니다.
D:\Jun\Inha\Weekday\VisualStudio\C\FlightShootingGame\FlightShootingGame\FlightShootingGame.c(102,29): warning C4018: '>': signed 또는 unsigned가 일치하지 않습니다.
D:\Jun\Inha\Weekday\VisualStudio\C\FlightShootingGame\FlightShootingGame\FlightShootingGame.c(104,46): warning C4244: '=': 'ULONGLONG'에서 'DWORD'(으)로 변환하면서 데이터가 손실될 수 있습니다.
D:\Jun\Inha\Weekday\VisualStudio\C\FlightShootingGame\FlightShootingGame\FlightShootingGame.c(83,37): warning C4244: '초기화 중': 'ULONGLONG'에서 'DWORD'(으)로 변환하면서 데이터가 손실될 수 있습니다.
D:\Jun\Inha\Weekday\VisualStudio\C\FlightShootingGame\FlightShootingGame\FlightShootingGame.c(84,33): warning C4244: '초기화 중': 'ULONGLONG'에서 'DWORD'(으)로 변환하면서 데이터가 손실될 수 있습니다.
D:\Jun\Inha\Weekday\VisualStudio\C\FlightShootingGame\FlightShootingGame\FlightShootingGame.c(88,54): warning C4244: '초기화 중': 'ULONGLONG'에서 'DWORD'(으)로 변환하면서 데이터가 손실될 수 있습니다.
D:\Jun\Inha\Weekday\VisualStudio\C\FlightShootingGame\FlightShootingGame\FlightShootingGame.c(101,50): warning C4244: '초기화 중': 'ULONGLONG'에서 'DWORD'(으)로 변환하면서 데이터가 손실될 수 있습니다.
D:\Jun\Inha\Weekday\VisualStudio\C\FlightShootingGame\FlightShootingGame\FlightShootingGame.c(137,21): warning C4020: 'PlayBgmSound': 실제 매개 변수가 너무 많습니다.
D:\Jun\Inha\Weekday\VisualStudio\C\FlightShootingGame\FlightShootingGame\FlightShootingGame.c(247,45): warning C4244: '함수': 'int'에서 'float'(으)로 변환하면서 데이터가 손실될 수 있습니다.
D:\Jun\Inha\Weekday\VisualStudio\C\FlightShootingGame\FlightShootingGame\FlightShootingGame.c(257,75): warning C4244: '함수': 'int'에서 'float'(으)로 변환하면서 데이터가 손실될 수 있습니다.
D:\Jun\Inha\Weekday\VisualStudio\C\FlightShootingGame\FlightShootingGame\FlightShootingGame.c(306,24): warning C4047: '==': 'DWORD'의 간접 참조 수준이 'void *'과(와) 다릅니다.
D:\Jun\Inha\Weekday\VisualStudio\C\FlightShootingGame\FlightShootingGame\FlightShootingGame.c(307,24): warning C4244: '=': 'ULONGLONG'에서 'DWORD'(으)로 변환하면서 데이터가 손실될 수 있습니다.
D:\Jun\Inha\Weekday\VisualStudio\C\FlightShootingGame\FlightShootingGame\FlightShootingGame.c(312,22): warning C4047: '=': 'DWORD'의 간접 참조 수준이 'void *'과(와) 다릅니다.
D:\Jun\Inha\Weekday\VisualStudio\C\FlightShootingGame\FlightShootingGame\FlightShootingGame.c(321,56): warning C4244: '함수': 'int'에서 'float'(으)로 변환하면서 데이터가 손실될 수 있습니다.
D:\Jun\Inha\Weekday\VisualStudio\C\FlightShootingGame\FlightShootingGame\FlightShootingGame.c(324,57): warning C4244: '함수': 'int'에서 'float'(으)로 변환하면서 데이터가 손실될 수 있습니다.
D:\Jun\Inha\Weekday\VisualStudio\C\FlightShootingGame\FlightShootingGame\FlightShootingGame.c(327,61): warning C4244: '함수': 'int'에서 'float'(으)로 변환하면서 데이터가 손실될 수 있습니다.
D:\Jun\Inha\Weekday\VisualStudio\C\FlightShootingGame\FlightShootingGame\FlightShootingGame.c(330,63): warning C4244: '함수': 'int'에서 'float'(으)로 변환하면서 데이터가 손실될 수 있습니다.
D:\Jun\Inha\Weekday\VisualStudio\C\FlightShootingGame\FlightShootingGame\FlightShootingGame.c(333,52): warning C4244: '함수': 'int'에서 'float'(으)로 변환하면서 데이터가 손실될 수 있습니다.
D:\Jun\Inha\Weekday\VisualStudio\C\FlightShootingGame\FlightShootingGame\FlightShootingGame.c(460,28): warning C4047: '==': 'DWORD'의 간접 참조 수준이 'void *'과(와) 다릅니다.
D:\Jun\Inha\Weekday\VisualStudio\C\FlightShootingGame\FlightShootingGame\FlightShootingGame.c(461,27): warning C4244: '=': 'ULONGLONG'에서 'DWORD'(으)로 변환하면서 데이터가 손실될 수 있습니다.
D:\Jun\Inha\Weekday\VisualStudio\C\FlightShootingGame\FlightShootingGame\FlightShootingGame.c(475,25): warning C4047: '=': 'DWORD'의 간접 참조 수준이 'void *'과(와) 다릅니다.
D:\Jun\Inha\Weekday\VisualStudio\C\FlightShootingGame\FlightShootingGame\FlightShootingGame.c(564,60): warning C4244: '함수': 'int'에서 'float'(으)로 변환하면서 데이터가 손실될 수 있습니다.
D:\Jun\Inha\Weekday\VisualStudio\C\FlightShootingGame\FlightShootingGame\FlightShootingGame.c(634,62): warning C4244: '함수': 'int'에서 'float'(으)로 변환하면서 데이터가 손실될 수 있습니다.
D:\Jun\Inha\Weekday\VisualStudio\C\FlightShootingGame\FlightShootingGame\FlightShootingGame.c(641,64): warning C4244: '함수': 'int'에서 'float'(으)로 변환하면서 데이터가 손실될 수 있습니다.
D:\Jun\Inha\Weekday\VisualStudio\C\FlightShootingGame\FlightShootingGame\FlightShootingGame.c(844,76): warning C4244: '함수': 'int'에서 'float'(으)로 변환하면서 데이터가 손실될 수 있습니다.
D:\Jun\Inha\Weekday\VisualStudio\C\FlightShootingGame\FlightShootingGame\FlightShootingGame.c(858,74): warning C4244: '함수': 'int'에서 'float'(으)로 변환하면서 데이터가 손실될 수 있습니다.
D:\Jun\Inha\Weekday\VisualStudio\C\FlightShootingGame\FlightShootingGame\FlightShootingGame.c(872,82): warning C4244: '함수': 'int'에서 'float'(으)로 변환하면서 데이터가 손실될 수 있습니다.
D:\Jun\Inha\Weekday\VisualStudio\C\FlightShootingGame\FlightShootingGame\FlightShootingGame.c(1258,47): warning C4267: '함수': 'size_t'에서 'DWORD'(으)로 변환하면서 데이터가 손실될 수 있습니다.
D:\Jun\Inha\Weekday\VisualStudio\C\FlightShootingGame\FlightShootingGame\FlightShootingGame.c(1267,47): warning C4267: '함수': 'size_t'에서 'DWORD'(으)로 변환하면서 데이터가 손실될 수 있습니다.
D:\Jun\Inha\Weekday\VisualStudio\C\FlightShootingGame\FlightShootingGame\FlightShootingGame.c(1282,47): warning C4267: '함수': 'size_t'에서 'DWORD'(으)로 변환하면서 데이터가 손실될 수 있습니다.
D:\Jun\Inha\Weekday\VisualStudio\C\FlightShootingGame\FlightShootingGame\FlightShootingGame.c(1332,22): warning C4244: '초기화 중': 'float'에서 'int'(으)로 변환하면서 데이터가 손실될 수 있습니다.
     D:\Jun\Inha\Weekday\VisualStudio\C\FlightShootingGame\x64\Release\FlightShootingGame.lib 라이브러리 및 D:\Jun\Inha\Weekday\VisualStudio\C\FlightShootingGame\x64\Release\FlightShootingGame.exp 개체를 생성하고 있습니다.
  코드를 생성하고 있습니다.
  0 of 82 functions ( 0.0%) were compiled, the rest were copied from previous compilation.
    0 functions were new in current compilation
    0 functions had inline decision re-evaluated but remain unchanged
  코드를 생성했습니다.
  FlightShootingGame.vcxproj -> D:\Jun\Inha\Weekday\VisualStudio\C\FlightShootingGame\x64\Release\FlightShootingGame.exe
